0,0,0.5,0,0
0.01,2.49744e-05,0.499975,0.00499226,-0.00499484
0.02,9.97903e-05,0.4999,0.00996806,-0.0099787
0.03,0.000224276,0.499775,0.014926,-0.0149506
0.04,0.000398245,0.499601,0.0198645,-0.0199097
0.05,0.000621497,0.499377,0.0247823,-0.0248548
0.06,0.000893817,0.499104,0.0296779,-0.0297852
0.07,0.00121498,0.498782,0.0345499,-0.0346998
0.08,0.00158473,0.49841,0.0393969,-0.0395977
0.09,0.00200283,0.49799,0.0442174,-0.044478
0.1,0.00246899,0.497521,0.0490103,-0.0493397
0.11,0.00298293,0.497003,0.0537739,-0.054182
0.12,0.00354436,0.496437,0.0585071,-0.0590039
0.13,0.00415297,0.495823,0.0632084,-0.0638046
0.14,0.00480842,0.495161,0.0678765,-0.068583
0.15,0.00551038,0.494451,0.0725102,-0.0733384
0.16,0.00625851,0.493694,0.077108,-0.0780698
0.17,0.00705242,0.49289,0.0816687,-0.0827765
0.18,0.00789175,0.492039,0.0861911,-0.0874574
0.19,0.00877611,0.491141,0.0906737,-0.0921118
0.2,0.00970509,0.490197,0.0951155,-0.0967389
0.21,0.0106783,0.489206,0.0995151,-0.101338
0.22,0.0116952,0.48817,0.103871,-0.105907
0.23,0.0127556,0.487088,0.108183,-0.110447
0.24,0.0138588,0.485961,0.112449,-0.114957
0.25,0.0150044,0.484789,0.116668,-0.119434
0.26,0.016192,0.483573,0.120839,-0.12388
0.27,0.017421,0.482312,0.12496,-0.128292
0.28,0.018691,0.481007,0.129031,-0.132671
0.29,0.0200014,0.479659,0.133051,-0.137015
0.3,0.0213518,0.478267,0.137018,-0.141324
0.31,0.0227416,0.476832,0.140931,-0.145596
0.32,0.0241703,0.475355,0.144789,-0.149832
0.33,0.0256372,0.473836,0.148592,-0.154031
0.34,0.0271419,0.472275,0.152338,-0.158191
0.35,0.0286838,0.470672,0.156026,-0.162312
0.36,0.0302622,0.469028,0.159655,-0.166394
0.37,0.0318767,0.467344,0.163224,-0.170435
0.38,0.0335265,0.46562,0.166733,-0.174435
0.39,0.0352111,0.463856,0.170179,-0.178394
0.4,0.0369299,0.462052,0.173563,-0.182311
0.41,0.0386822,0.46021,0.176884,-0.186185
0.42,0.0404674,0.458329,0.18014,-0.190015
0.43,0.0422848,0.456409,0.183331,-0.193801
0.44,0.0441338,0.454453,0.186456,-0.197543
0.45,0.0460137,0.452459,0.189514,-0.20124
0.46,0.0479238,0.450428,0.192504,-0.20489
0.47,0.0498635,0.448361,0.195425,-0.208495
0.48,0.0518321,0.446258,0.198277,-0.212052
0.49,0.0538288,0.44412,0.20106,-0.215562
0.5,0.055853,0.441947,0.203771,-0.219025
0.51,0.057904,0.43974,0.206411,-0.222439
0.52,0.059981,0.437499,0.208979,-0.225804
0.53,0.0620833,0.435224,0.211474,-0.229119
0.54,0.0642102,0.432916,0.213896,-0.232385
0.55,0.066361,0.430576,0.216243,-0.235601
0.56,0.0685349,0.428205,0.218516,-0.238765
0.57,0.0707311,0.425801,0.220714,-0.241879
0.58,0.0729489,0.423367,0.222836,-0.244942
0.59,0.0751876,0.420903,0.224882,-0.247952
0.6,0.0774463,0.418408,0.226851,-0.25091
0.61,0.0797243,0.415885,0.228743,-0.253816
0.62,0.0820209,0.413332,0.230557,-0.256668
0.63,0.0843352,0.410751,0.232293,-0.259467
0.64,0.0866665,0.408143,0.233951,-0.262213
0.65,0.089014,0.405507,0.235529,-0.264904
0.66,0.0913768,0.402845,0.237028,-0.267542
0.67,0.0937543,0.400157,0.238448,-0.270124
0.68,0.0961455,0.397443,0.239787,-0.272652
0.69,0.0985497,0.394704,0.241046,-0.275125
0.7,0.100966,0.39194,0.242225,-0.277543
0.71,0.103394,0.389153,0.243322,-0.279905
0.72,0.105832,0.386343,0.244339,-0.282212
0.73,0.10828,0.383509,0.245274,-0.284462
0.74,0.110738,0.380653,0.246128,-0.286657
0.75,0.113203,0.377776,0.2469,-0.288795
0.76,0.115675,0.374878,0.24759,-0.290877
0.77,0.118154,0.371959,0.248198,-0.292902
0.78,0.120639,0.36902,0.248724,-0.294871
0.79,0.123128,0.366062,0.249168,-0.296783
0.8,0.125622,0.363084,0.24953,-0.298637
0.81,0.128119,0.360089,0.24981,-0.300435
0.82,0.130618,0.357076,0.250007,-0.302176
0.83,0.133119,0.354046,0.250122,-0.30386
0.84,0.13562,0.350999,0.250155,-0.305487
0.85,0.138121,0.347936,0.250106,-0.307056
0.86,0.140622,0.344858,0.249974,-0.308569
0.87,0.143121,0.341765,0.249761,-0.310024
0.88,0.145617,0.338658,0.249466,-0.311422
0.89,0.14811,0.335537,0.249089,-0.312763
0.9,0.150598,0.332403,0.24863,-0.314047
0.91,0.153082,0.329256,0.24809,-0.315274
0.92,0.15556,0.326097,0.247469,-0.316444
0.93,0.158031,0.322927,0.246767,-0.317557
0.94,0.160495,0.319746,0.245984,-0.318613
0.95,0.162951,0.316555,0.245121,-0.319613
0.96,0.165397,0.313354,0.244178,-0.320556
0.97,0.167834,0.310144,0.243155,-0.321442
0.98,0.17026,0.306926,0.242052,-0.322273
0.99,0.172675,0.303699,0.24087,-0.323047
1,0.175077,0.300465,0.23961,-0.323766
1.01,0.177467,0.297224,0.238271,-0.324428
1.02,0.179842,0.293977,0.236854,-0.325035
1.03,0.182203,0.290723,0.235359,-0.325587
1.04,0.184549,0.287465,0.233787,-0.326084
1.05,0.186879,0.284202,0.232139,-0.326526
1.06,0.189192,0.280935,0.230415,-0.326913
1.07,0.191487,0.277664,0.228615,-0.327246
1.08,0.193764,0.27439,0.22674,-0.327525
1.09,0.196022,0.271113,0.22479,-0.32775
1.1,0.198259,0.267835,0.222767,-0.327922
1.11,0.200477,0.264555,0.22067,-0.32804
1.12,0.202673,0.261274,0.2185,-0.328106
1.13,0.204846,0.257993,0.216259,-0.328119
1.14,0.206997,0.254712,0.213945,-0.328081
1.15,0.209125,0.251432,0.211561,-0.32799
1.16,0.211228,0.248153,0.209107,-0.327848
1.17,0.213307,0.244875,0.206583,-0.327654
1.18,0.21536,0.2416,0.203991,-0.327411
1.19,0.217387,0.238327,0.20133,-0.327117
1.2,0.219386,0.235057,0.198603,-0.326773
1.21,0.221358,0.231792,0.195808,-0.326379
1.22,0.223302,0.22853,0.192948,-0.325937
1.23,0.225217,0.225273,0.190023,-0.325446
1.24,0.227102,0.222021,0.187034,-0.324908
1.25,0.228958,0.218775,0.183982,-0.324321
1.26,0.230782,0.215535,0.180867,-0.323687
1.27,0.232575,0.212302,0.177691,-0.323007
1.28,0.234336,0.209075,0.174454,-0.322281
1.29,0.236064,0.205856,0.171157,-0.321509
1.3,0.237758,0.202645,0.167801,-0.320691
1.31,0.239419,0.199442,0.164387,-0.31983
1.32,0.241046,0.196249,0.160916,-0.318924
1.33,0.242638,0.193064,0.157389,-0.317974
1.34,0.244194,0.189889,0.153807,-0.316982
1.35,0.245714,0.186725,0.15017,-0.315947
1.36,0.247197,0.18357,0.146481,-0.31487
1.37,0.248643,0.180427,0.142739,-0.313752
1.38,0.250051,0.177296,0.138945,-0.312593
1.39,0.251422,0.174176,0.135102,-0.311394
1.4,0.252753,0.171068,0.131209,-0.310155
1.41,0.254046,0.167973,0.127268,-0.308877
1.42,0.255299,0.16489,0.12328,-0.307561
1.43,0.256511,0.161822,0.119246,-0.306208
1.44,0.257683,0.158766,0.115167,-0.304817
1.45,0.258814,0.155725,0.111044,-0.30339
1.46,0.259904,0.152699,0.106878,-0.301926
1.47,0.260952,0.149687,0.102671,-0.300428
1.48,0.261957,0.14669,0.098423,-0.298895
1.49,0.26292,0.143709,0.0941354,-0.297328
1.5,0.26384,0.140744,0.0898095,-0.295728
1.51,0.264716,0.137795,0.0854464,-0.294096
1.52,0.265549,0.134862,0.0810472,-0.292431
1.53,0.266337,0.131946,0.076613,-0.290735
1.54,0.267081,0.129047,0.0721451,-0.289009
1.55,0.26778,0.126166,0.0676445,-0.287252
1.56,0.268434,0.123302,0.0631125,-0.285467
1.57,0.269042,0.120457,0.0585502,-0.283653
1.58,0.269605,0.117629,0.0539589,-0.281811
1.59,0.270121,0.114821,0.0493396,-0.279942
1.6,0.270591,0.112031,0.0446936,-0.278047
1.61,0.271015,0.10926,0.0400221,-0.276126
1.62,0.271392,0.106508,0.0353263,-0.274179
1.63,0.271721,0.103776,0.0306073,-0.272209
1.64,0.272004,0.101064,0.0258665,-0.270215
1.65,0.272239,0.0983721,0.021105,-0.268198
1.66,0.272426,0.0957003,0.016324,-0.266159
1.67,0.272565,0.093049,0.0115247,-0.264099
1.68,0.272656,0.0904184,0.00670846,-0.262018
1.69,0.272699,0.0878087,0.00187639,-0.259917
1.7,0.272694,0.0852201,-0.00297026,-0.257797
1.71,0.27264,0.0826528,-0.00783025,-0.255658
1.72,0.272537,0.080107,-0.0127024,-0.253502
1.73,0.272386,0.0775828,-0.0175854,-0.251328
1.74,0.272185,0.0750805,-0.022478,-0.249139
1.75,0.271936,0.0726001,-0.0273791,-0.246933
1.76,0.271638,0.0701419,-0.0322874,-0.244713
1.77,0.27129,0.0677059,-0.0372017,-0.242479
1.78,0.270894,0.0652923,-0.0421207,-0.240231
1.79,0.270448,0.0629013,-0.0470431,-0.237971
1.8,0.269953,0.0605329,-0.0519679,-0.235698
1.81,0.269408,0.0581874,-0.0568937,-0.233415
1.82,0.268815,0.0558647,-0.0618193,-0.231121
1.83,0.268172,0.053565,-0.0667436,-0.228818
1.84,0.26748,0.0512884,-0.0716652,-0.226505
1.85,0.266739,0.0490349,-0.0765829,-0.224184
1.86,0.265948,0.0468047,-0.0814957,-0.221856
1.87,0.265109,0.0445978,-0.0864021,-0.219521
1.88,0.26422,0.0424143,-0.0913011,-0.21718
1.89,0.263283,0.0402542,-0.0961914,-0.214833
1.9,0.262297,0.0381176,-0.101072,-0.212482
1.91,0.261261,0.0360046,-0.105941,-0.210127
1.92,0.260178,0.0339151,-0.110798,-0.207769
1.93,0.259046,0.0318492,-0.115642,-0.205408
1.94,0.257865,0.0298069,-0.120471,-0.203046
1.95,0.256636,0.0277883,-0.125284,-0.200682
1.96,0.255359,0.0257933,-0.13008,-0.198318
1.97,0.254035,0.0238219,-0.134859,-0.195955
1.98,0.252662,0.0218742,-0.139618,-0.193592
1.99,0.251242,0.0199501,-0.144356,-0.191231
2,0.249775,0.0180496,-0.149073,-0.188873
2.01,0.248261,0.0161726,-0.153767,-0.186517
2.02,0.2467,0.0143192,-0.158437,-0.184166
2.03,0.245092,0.0124893,-0.163083,-0.181818
2.04,0.243438,0.0106828,-0.167702,-0.179476
2.05,0.241738,0.00889975,-0.172295,-0.17714
2.06,0.239993,0.00714001,-0.176859,-0.17481
2.07,0.238201,0.00540353,-0.181393,-0.172487
2.08,0.236365,0.00369023,-0.185898,-0.170172
2.09,0.234483,0.00200005,-0.19037,-0.167865
2.1,0.232557,0.000332896,-0.194811,-0.165568
2.11,0.230587,-0.00131133,-0.199218,-0.16328
2.12,0.228573,-0.00293273,-0.20359,-0.161002
2.13,0.226516,-0.00453141,-0.207927,-0.158735
2.14,0.224415,-0.00610747,-0.212227,-0.156479
2.15,0.222271,-0.00766104,-0.216489,-0.154236
2.16,0.220085,-0.00919223,-0.220713,-0.152006
2.17,0.217857,-0.0107012,-0.224897,-0.149788
2.18,0.215587,-0.012188,-0.229041,-0.147585
2.19,0.213276,-0.0136529,-0.233143,-0.145396
2.2,0.210925,-0.015096,-0.237203,-0.143222
2.21,0.208533,-0.0165174,-0.241219,-0.141064
2.22,0.2061,-0.0179173,-0.245191,-0.138921
2.23,0.203629,-0.0192959,-0.249118,-0.136796
2.24,0.201118,-0.0206533,-0.252999,-0.134688
2.25,0.198569,-0.0219897,-0.256833,-0.132597
2.26,0.195982,-0.0233053,-0.260619,-0.130525
2.27,0.193357,-0.0246003,-0.264357,-0.128472
2.28,0.190695,-0.0258748,-0.268045,-0.126438
2.29,0.187996,-0.0271291,-0.271683,-0.124424
2.3,0.185261,-0.0283634,-0.275269,-0.12243
2.31,0.182491,-0.0295778,-0.278804,-0.120457
2.32,0.179685,-0.0307726,-0.282286,-0.118506
2.33,0.176845,-0.031948,-0.285714,-0.116576
2.34,0.173971,-0.0331042,-0.289089,-0.114668
2.35,0.171064,-0.0342414,-0.292408,-0.112783
2.36,0.168123,-0.0353599,-0.295672,-0.110922
2.37,0.16515,-0.0364599,-0.298879,-0.109083
2.38,0.162146,-0.0375417,-0.302029,-0.107269
2.39,0.15911,-0.0386054,-0.305122,-0.105479
2.4,0.156044,-0.0396513,-0.308156,-0.103714
2.41,0.152947,-0.0406798,-0.311131,-0.101974
2.42,0.149821,-0.0416909,-0.314047,-0.10026
2.43,0.146666,-0.042685,-0.316902,-0.0985718
2.44,0.143483,-0.0436624,-0.319697,-0.0969098
2.45,0.140273,-0.0446233,-0.32243,-0.0952745
2.46,0.137035,-0.045568,-0.325101,-0.0936663
2.47,0.133771,-0.0464967,-0.327709,-0.0920855
2.48,0.130481,-0.0474098,-0.330255,-0.0905323
2.49,0.127166,-0.0483075,-0.332736,-0.0890072
2.5,0.123826,-0.04919,-0.335154,-0.0875104
2.51,0.120463,-0.0500578,-0.337508,-0.0860422
2.52,0.117077,-0.050911,-0.339796,-0.084603
2.53,0.113667,-0.0517499,-0.342019,-0.083193
2.54,0.110236,-0.0525749,-0.344176,-0.0818124
2.55,0.106784,-0.0533863,-0.346266,-0.0804616
2.56,0.103311,-0.0541843,-0.348291,-0.0791407
2.57,0.0998185,-0.0549692,-0.350248,-0.07785
2.58,0.0963066,-0.0557414,-0.352137,-0.0765898
2.59,0.092776,-0.0565011,-0.353959,-0.0753602
2.6,0.0892276,-0.0572487,-0.355713,-0.0741615
2.61,0.085662,-0.0579844,-0.357399,-0.0729939
2.62,0.0820799,-0.0587087,-0.359016,-0.0718575
2.63,0.0784819,-0.0594217,-0.360564,-0.0707525
2.64,0.0748688,-0.0601238,-0.362042,-0.0696791
2.65,0.0712413,-0.0608154,-0.363452,-0.0686374
2.66,0.0676,-0.0614967,-0.364792,-0.0676276
2.67,0.0639457,-0.062168,-0.366062,-0.0666498
2.68,0.060279,-0.0628298,-0.367262,-0.0657042
2.69,0.0566007,-0.0634822,-0.368392,-0.0647908
2.7,0.0529114,-0.0641257,-0.369452,-0.0639098
2.71,0.0492119,-0.0647605,-0.370441,-0.0630612
2.72,0.0455028,-0.065387,-0.37136,-0.0622451
2.73,0.0417849,-0.0660055,-0.372208,-0.0614616
2.74,0.0380589,-0.0666164,-0.372985,-0.0607108
2.75,0.0343255,-0.0672199,-0.373692,-0.0599927
2.76,0.0305853,-0.0678163,-0.374328,-0.0593073
2.77,0.0268391,-0.0684061,-0.374893,-0.0586547
2.78,0.0230877,-0.0689895,-0.375387,-0.0580349
2.79,0.0193316,-0.0695669,-0.375811,-0.0574479
2.8,0.0155717,-0.0701386,-0.376164,-0.0568936
2.81,0.0118086,-0.0707049,-0.376446,-0.0563722
2.82,0.00804302,-0.0712662,-0.376657,-0.0558835
2.83,0.00427569,-0.0718227,-0.376798,-0.0554275
2.84,0.000507302,-0.0723748,-0.376868,-0.0550043
2.85,-0.00326144,-0.0729229,-0.376868,-0.0546136
2.86,-0.00702983,-0.0734672,-0.376798,-0.0542555
2.87,-0.0107972,-0.0740081,-0.376658,-0.0539299
2.88,-0.0145627,-0.0745459,-0.376447,-0.0536367
2.89,-0.0183259,-0.0750809,-0.376168,-0.0533758
2.9,-0.0220859,-0.0756135,-0.375818,-0.0531472
2.91,-0.025842,-0.076144,-0.3754,-0.0529506
2.92,-0.0295936,-0.0766727,-0.374912,-0.052786
2.93,-0.03334,-0.0771998,-0.374355,-0.0526532
2.94,-0.0370805,-0.0777258,-0.37373,-0.0525521
2.95,-0.0408144,-0.078251,-0.373037,-0.0524826
2.96,-0.044541,-0.0787756,-0.372276,-0.0524445
2.97,-0.0482597,-0.0793,-0.371447,-0.0524375
2.98,-0.0519697,-0.0798244,-0.37055,-0.0524616
2.99,-0.0556705,-0.0803493,-0.369587,-0.0525165
3,-0.0593612,-0.0808749,-0.368557,-0.0526021
3.01,-0.0630414,-0.0814014,-0.367461,-0.0527181
3.02,-0.0667102,-0.0819293,-0.366299,-0.0528643
3.03,-0.0703672,-0.0824588,-0.365072,-0.0530405
3.04,-0.0740115,-0.0829902,-0.36378,-0.0532465
3.05,-0.0776425,-0.0835239,-0.362423,-0.0534819
3.06,-0.0812597,-0.08406,-0.361002,-0.0537466
3.07,-0.0848624,-0.0845989,-0.359517,-0.0540404
3.08,-0.0884499,-0.0851409,-0.35797,-0.0543628
3.09,-0.0920216,-0.0856862,-0.356359,-0.0547137
3.1,-0.0955768,-0.0862352,-0.354687,-0.0550927
3.11,-0.0991151,-0.0867882,-0.352953,-0.0554996
3.12,-0.102636,-0.0873453,-0.351157,-0.055934
3.13,-0.106138,-0.087907,-0.349301,-0.0563957
3.14,-0.109622,-0.0884733,-0.347386,-0.0568843
3.15,-0.113086,-0.0890447,-0.34541,-0.0573996
3.16,-0.11653,-0.0896214,-0.343376,-0.0579411
3.17,-0.119953,-0.0902036,-0.341284,-0.0585085
3.18,-0.123355,-0.0907917,-0.339135,-0.0591015
3.19,-0.126735,-0.0913858,-0.336928,-0.0597197
3.2,-0.130093,-0.0919861,-0.334665,-0.0603628
3.21,-0.133428,-0.0925931,-0.332346,-0.0610303
3.22,-0.13674,-0.0932068,-0.329972,-0.061722
3.23,-0.140028,-0.0938276,-0.327544,-0.0624374
3.24,-0.143291,-0.0944557,-0.325063,-0.0631761
3.25,-0.146529,-0.0950912,-0.322528,-0.0639377
3.26,-0.149741,-0.0957345,-0.319941,-0.0647219
3.27,-0.152927,-0.0963857,-0.317303,-0.0655281
3.28,-0.156087,-0.0970451,-0.314614,-0.0663561
3.29,-0.15922,-0.0977129,-0.311875,-0.0672054
3.3,-0.162324,-0.0983893,-0.309087,-0.0680754
3.31,-0.165401,-0.0990745,-0.30625,-0.0689659
3.32,-0.168449,-0.0997687,-0.303365,-0.0698764
3.33,-0.171468,-0.100472,-0.300434,-0.0708064
3.34,-0.174458,-0.101185,-0.297456,-0.0717554
3.35,-0.177417,-0.101907,-0.294433,-0.0727231
3.36,-0.180346,-0.102639,-0.291366,-0.0737089
3.37,-0.183244,-0.103381,-0.288254,-0.0747124
3.38,-0.186111,-0.104134,-0.2851,-0.0757331
3.39,-0.188946,-0.104896,-0.281904,-0.0767705
3.4,-0.191749,-0.105669,-0.278667,-0.0778242
3.41,-0.19452,-0.106453,-0.275389,-0.0788936
3.42,-0.197257,-0.107247,-0.272071,-0.0799784
3.43,-0.199961,-0.108052,-0.268715,-0.0810778
3.44,-0.202631,-0.108869,-0.265322,-0.0821916
3.45,-0.205267,-0.109696,-0.261891,-0.0833192
3.46,-0.207869,-0.110535,-0.258424,-0.08446
3.47,-0.210436,-0.111385,-0.254922,-0.0856136
3.48,-0.212967,-0.112247,-0.251386,-0.0867795
3.49,-0.215463,-0.113121,-0.247817,-0.0879571
3.5,-0.217923,-0.114007,-0.244215,-0.0891459
3.51,-0.220347,-0.114904,-0.240582,-0.0903454
3.52,-0.222735,-0.115814,-0.236918,-0.091555
3.53,-0.225086,-0.116735,-0.233224,-0.0927743
3.54,-0.227399,-0.117669,-0.229502,-0.0940027
3.55,-0.229676,-0.118615,-0.225752,-0.0952398
3.56,-0.231914,-0.119574,-0.221975,-0.0964848
3.57,-0.234115,-0.120545,-0.218172,-0.0977374
3.58,-0.236278,-0.121529,-0.214345,-0.0989969
3.59,-0.238402,-0.122525,-0.210493,-0.100263
3.6,-0.240487,-0.123534,-0.206618,-0.101535
3.61,-0.242534,-0.124556,-0.202721,-0.102812
3.62,-0.244542,-0.12559,-0.198803,-0.104094
3.63,-0.24651,-0.126638,-0.194864,-0.10538
3.64,-0.248439,-0.127698,-0.190907,-0.10667
3.65,-0.250328,-0.128771,-0.186931,-0.107963
3.66,-0.252177,-0.129857,-0.182938,-0.109259
3.67,-0.253987,-0.130956,-0.178928,-0.110557
3.68,-0.255756,-0.132068,-0.174903,-0.111856
3.69,-0.257485,-0.133193,-0.170864,-0.113157
3.7,-0.259173,-0.134331,-0.166811,-0.114457
3.71,-0.260821,-0.135482,-0.162745,-0.115758
3.72,-0.262428,-0.136647,-0.158668,-0.117058
3.73,-0.263994,-0.137824,-0.154581,-0.118357
3.74,-0.26552,-0.139014,-0.150484,-0.119654
3.75,-0.267004,-0.140217,-0.146378,-0.120948
3.76,-0.268447,-0.141433,-0.142265,-0.12224
3.77,-0.269849,-0.142661,-0.138144,-0.123528
3.78,-0.27121,-0.143903,-0.134019,-0.124813
3.79,-0.27253,-0.145158,-0.129888,-0.126093
3.8,-0.273808,-0.146425,-0.125754,-0.127368
3.81,-0.275045,-0.147705,-0.121616,-0.128637
3.82,-0.27624,-0.148998,-0.117477,-0.1299
3.83,-0.277394,-0.150303,-0.113337,-0.131157
3.84,-0.278507,-0.151621,-0.109197,-0.132406
3.85,-0.279578,-0.152951,-0.105057,-0.133648
3.86,-0.280608,-0.154294,-0.10092,-0.134881
3.87,-0.281597,-0.155649,-0.0967852,-0.136106
3.88,-0.282544,-0.157016,-0.0926543,-0.137322
3.89,-0.28345,-0.158395,-0.0885281,-0.138527
3.9,-0.284314,-0.159786,-0.0844075,-0.139722
3.91,-0.285138,-0.161189,-0.0802934,-0.140907
3.92,-0.28592,-0.162604,-0.0761867,-0.14208
3.93,-0.286662,-0.164031,-0.0720884,-0.143241
3.94,-0.287362,-0.165469,-0.0679993,-0.14439
3.95,-0.288022,-0.166919,-0.0639204,-0.145526
3.96,-0.28864,-0.16838,-0.0598525,-0.146649
3.97,-0.289219,-0.169852,-0.0557965,-0.147758
3.98,-0.289756,-0.171335,-0.0517534,-0.148852
3.99,-0.290254,-0.172829,-0.0477239,-0.149932
4,-0.290711,-0.174333,-0.0437091,-0.150996
4.01,-0.291128,-0.175849,-0.0397096,-0.152044
4.02,-0.291505,-0.177374,-0.0357265,-0.153077
4.03,-0.291843,-0.17891,-0.0317604,-0.154092
4.04,-0.29214,-0.180456,-0.0278124,-0.155091
4.05,-0.292399,-0.182012,-0.0238831,-0.156071
4.06,-0.292618,-0.183577,-0.0199735,-0.157034
4.07,-0.292798,-0.185152,-0.0160844,-0.157978
4.08,-0.29294,-0.186737,-0.0122165,-0.158903
4.09,-0.293043,-0.18833,-0.00837075,-0.159808
4.1,-0.293107,-0.189933,-0.00454783,-0.160694
4.11,-0.293134,-0.191544,-0.000748571,-0.161559
4.12,-0.293122,-0.193164,0.00302626,-0.162404
4.13,-0.293073,-0.194792,0.00677588,-0.163228
4.14,-0.292987,-0.196429,0.0104995,-0.16403
4.15,-0.292864,-0.198073,0.0141965,-0.16481
4.16,-0.292703,-0.199725,0.017866,-0.165567
4.17,-0.292506,-0.201384,0.0215073,-0.166302
4.18,-0.292273,-0.203051,0.0251197,-0.167014
4.19,-0.292004,-0.204724,0.0287024,-0.167702
4.2,-0.291699,-0.206405,0.0322549,-0.168367
4.21,-0.291359,-0.208092,0.0357763,-0.169007
4.22,-0.290984,-0.209785,0.0392661,-0.169622
4.23,-0.290574,-0.211484,0.0427235,-0.170213
4.24,-0.290129,-0.213189,0.0461478,-0.170778
4.25,-0.289651,-0.214899,0.0495385,-0.171318
4.26,-0.289139,-0.216615,0.0528949,-0.171831
4.27,-0.288593,-0.218336,0.0562163,-0.172319
4.28,-0.288015,-0.220061,0.0595022,-0.172779
4.29,-0.287403,-0.221791,0.0627519,-0.173213
4.3,-0.28676,-0.223526,0.0659649,-0.173619
4.31,-0.286084,-0.225264,0.0691405,-0.173998
4.32,-0.285377,-0.227005,0.0722782,-0.174349
4.33,-0.284639,-0.228751,0.0753775,-0.174672
4.34,-0.28387,-0.230499,0.0784377,-0.174967
4.35,-0.28307,-0.23225,0.0814584,-0.175233
4.36,-0.282241,-0.234003,0.084439,-0.17547
4.37,-0.281381,-0.235759,0.0873791,-0.175678
4.38,-0.280493,-0.237517,0.0902781,-0.175856
4.39,-0.279576,-0.239276,0.0931355,-0.176005
4.4,-0.278631,-0.241037,0.0959509,-0.176124
4.41,-0.277657,-0.242799,0.0987238,-0.176213
4.42,-0.276656,-0.244561,0.101454,-0.176271
4.43,-0.275628,-0.246324,0.10414,-0.176299
4.44,-0.274574,-0.248087,0.106783,-0.176296
4.45,-0.273493,-0.24985,0.109382,-0.176263
4.46,-0.272386,-0.251612,0.111936,-0.176198
4.47,-0.271254,-0.253374,0.114445,-0.176102
4.48,-0.270097,-0.255134,0.116908,-0.175974
4.49,-0.268916,-0.256893,0.119326,-0.175815
4.5,-0.267711,-0.25865,0.121698,-0.175624
4.51,-0.266482,-0.260405,0.124023,-0.175402
4.52,-0.265231,-0.262158,0.126302,-0.175147
4.53,-0.263956,-0.263908,0.128534,-0.17486
4.54,-0.26266,-0.265655,0.130718,-0.174541
4.55,-0.261342,-0.267399,0.132855,-0.17419
4.56,-0.260003,-0.269139,0.134944,-0.173806
4.57,-0.258643,-0.270875,0.136985,-0.173389
4.58,-0.257264,-0.272606,0.138978,-0.17294
4.59,-0.255864,-0.274334,0.140922,-0.172459
4.6,-0.254445,-0.276056,0.142817,-0.171944
4.61,-0.253008,-0.277772,0.144663,-0.171397
4.62,-0.251552,-0.279483,0.14646,-0.170817
4.63,-0.250079,-0.281189,0.148208,-0.170204
4.64,-0.248588,-0.282887,0.149906,-0.169558
4.65,-0.247081,-0.28458,0.151555,-0.168879
4.66,-0.245557,-0.286265,0.153154,-0.168167
4.67,-0.244018,-0.287943,0.154703,-0.167422
4.68,-0.242463,-0.289613,0.156202,-0.166644
4.69,-0.240894,-0.291276,0.157651,-0.165833
4.7,-0.239311,-0.29293,0.15905,-0.16499
4.71,-0.237713,-0.294575,0.160399,-0.164113
4.72,-0.236103,-0.296212,0.161697,-0.163203
4.73,-0.23448,-0.297839,0.162945,-0.162261
4.74,-0.232844,-0.299457,0.164143,-0.161286
4.75,-0.231197,-0.301065,0.165291,-0.160278
4.76,-0.229538,-0.302662,0.166388,-0.159237
4.77,-0.227869,-0.304249,0.167435,-0.158164
4.78,-0.22619,-0.305826,0.168432,-0.157059
4.79,-0.224501,-0.307391,0.169378,-0.155921
4.8,-0.222802,-0.308944,0.170275,-0.15475
4.81,-0.221095,-0.310485,0.171121,-0.153548
4.82,-0.21938,-0.312015,0.171917,-0.152313
4.83,-0.217657,-0.313532,0.172664,-0.151047
4.84,-0.215927,-0.315036,0.17336,-0.149748
4.85,-0.21419,-0.316526,0.174007,-0.148418
4.86,-0.212447,-0.318004,0.174604,-0.147057
4.87,-0.210698,-0.319467,0.175152,-0.145664
4.88,-0.208944,-0.320917,0.175651,-0.14424
4.89,-0.207185,-0.322352,0.176101,-0.142785
4.9,-0.205422,-0.323773,0.176502,-0.141299
4.91,-0.203656,-0.325178,0.176854,-0.139782
4.92,-0.201885,-0.326568,0.177157,-0.138235
4.93,-0.200113,-0.327943,0.177413,-0.136658
4.94,-0.198337,-0.329301,0.17762,-0.13505
4.95,-0.19656,-0.330644,0.17778,-0.133413
4.96,-0.194782,-0.331969,0.177892,-0.131746
4.97,-0.193003,-0.333278,0.177957,-0.13005
4.98,-0.191223,-0.33457,0.177975,-0.128325
4.99,-0.189443,-0.335845,0.177946,-0.126571
5,-0.187664,-0.337102,0.177871,-0.124788
5.01,-0.185886,-0.33834,0.177749,-0.122977
5.02,-0.184109,-0.339561,0.177582,-0.121138
5.03,-0.182335,-0.340763,0.17737,-0.11927
5.04,-0.180562,-0.341946,0.177113,-0.117376
5.05,-0.178792,-0.343111,0.17681,-0.115454
5.06,-0.177026,-0.344255,0.176464,-0.113505
5.07,-0.175263,-0.345381,0.176074,-0.111529
5.08,-0.173505,-0.346486,0.17564,-0.109528
5.09,-0.171751,-0.347571,0.175163,-0.1075
5.1,-0.170002,-0.348636,0.174643,-0.105446
5.11,-0.168258,-0.34968,0.174081,-0.103367
5.12,-0.16652,-0.350703,0.173477,-0.101263
5.13,-0.164789,-0.351705,0.172831,-0.0991338
5.14,-0.163064,-0.352686,0.172145,-0.0969806
5.15,-0.161346,-0.353645,0.171418,-0.0948033
5.16,-0.159635,-0.354582,0.17065,-0.0926023
5.17,-0.157933,-0.355497,0.169844,-0.090378
5.18,-0.156239,-0.356389,0.168998,-0.0881307
5.19,-0.154553,-0.357259,0.168113,-0.0858608
5.2,-0.152877,-0.358106,0.167191,-0.0835688
5.21,-0.151209,-0.35893,0.166231,-0.0812548
5.22,-0.149552,-0.359731,0.165233,-0.0789195
5.23,-0.147905,-0.360509,0.164199,-0.0765631
5.24,-0.146268,-0.361262,0.16313,-0.074186
5.25,-0.144642,-0.361992,0.162024,-0.0717887
5.26,-0.143028,-0.362698,0.160884,-0.0693715
5.27,-0.141425,-0.36338,0.159709,-0.0669349
5.28,-0.139834,-0.364037,0.158501,-0.0644793
5.29,-0.138255,-0.364669,0.157259,-0.062005
5.3,-0.136689,-0.365277,0.155985,-0.0595126
5.31,-0.135135,-0.365859,0.154678,-0.0570024
5.32,-0.133595,-0.366417,0.153341,-0.0544749
5.33,-0.132069,-0.366949,0.151972,-0.0519305
5.34,-0.130556,-0.367455,0.150573,-0.0493696
5.35,-0.129057,-0.367936,0.149144,-0.0467928
5.36,-0.127573,-0.368391,0.147686,-0.0442003
5.37,-0.126104,-0.36882,0.1462,-0.0415928
5.38,-0.124649,-0.369223,0.144686,-0.0389706
5.39,-0.12321,-0.3696,0.143145,-0.0363342
5.4,-0.121786,-0.36995,0.141578,-0.033684
5.41,-0.120379,-0.370273,0.139984,-0.0310205
5.42,-0.118987,-0.37057,0.138366,-0.0283442
5.43,-0.117611,-0.37084,0.136722,-0.0256556
5.44,-0.116252,-0.371083,0.135055,-0.0229551
5.45,-0.11491,-0.371299,0.133365,-0.0202431
5.46,-0.113585,-0.371488,0.131652,-0.0175202
5.47,-0.112277,-0.371649,0.129917,-0.0147869
5.48,-0.110987,-0.371784,0.128161,-0.0120435
5.49,-0.109714,-0.37189,0.126384,-0.00929069
5.5,-0.108459,-0.371969,0.124588,-0.00652883
5.51,-0.107222,-0.372021,0.122772,-0.00375842
5.52,-0.106004,-0.372045,0.120938,-0.00097996
5.53,-0.104804,-0.37204,0.119086,0.00180607
5.54,-0.103622,-0.372008,0.117217,0.00459917
5.55,-0.102459,-0.371948,0.115331,0.00739886
5.56,-0.101316,-0.37186,0.11343,0.0102046
5.57,-0.100191,-0.371744,0.111514,0.013016
5.58,-0.0990854,-0.3716,0.109583,0.0158325
5.59,-0.0979993,-0.371428,0.107639,0.0186537
5.6,-0.0969327,-0.371227,0.105681,0.0214789
5.61,-0.0958857,-0.370998,0.103712,0.0243078
5.62,-0.0948585,-0.370741,0.101731,0.0271398
5.63,-0.0938511,-0.370455,0.099739,0.0299745
5.64,-0.0928637,-0.370141,0.097737,0.0328113
5.65,-0.0918964,-0.369799,0.0957256,0.0356497
5.66,-0.0909492,-0.369428,0.0937055,0.0384893
5.67,-0.0900223,-0.369029,0.0916774,0.0413295
5.68,-0.0891157,-0.368602,0.089642,0.04417
5.69,-0.0882295,-0.368146,0.0876,0.04701
5.7,-0.0873637,-0.367661,0.0855521,0.0498493
5.71,-0.0865185,-0.367149,0.0834991,0.0526872
5.72,-0.0856938,-0.366608,0.0814415,0.0555234
5.73,-0.0848897,-0.366038,0.0793802,0.0583572
5.74,-0.0841062,-0.365441,0.0773157,0.0611882
5.75,-0.0833434,-0.364815,0.0752489,0.064016
5.76,-0.0826012,-0.36416,0.0731805,0.06684
5.77,-0.0818798,-0.363478,0.071111,0.0696597
5.78,-0.081179,-0.362767,0.0690412,0.0724747
5.79,-0.0804989,-0.362028,0.0669718,0.0752844
5.8,-0.0798396,-0.361261,0.0649035,0.0780885
5.81,-0.0792009,-0.360467,0.062837,0.0808863
5.82,-0.0785828,-0.359644,0.0607729,0.0836775
5.83,-0.0779854,-0.358793,0.0587119,0.0864616
5.84,-0.0774086,-0.357915,0.0566547,0.089238
5.85,-0.0768523,-0.357008,0.054602,0.0920064
5.86,-0.0763165,-0.356074,0.0525545,0.0947662
5.87,-0.0758012,-0.355113,0.0505127,0.0975169
5.88,-0.0753062,-0.354124,0.0484774,0.100258
5.89,-0.0748316,-0.353108,0.0464493,0.10299
5.9,-0.0743772,-0.352064,0.044429,0.105711
5.91,-0.073943,-0.350994,0.042417,0.108421
5.92,-0.0735288,-0.349896,0.0404142,0.111119
5.93,-0.0731347,-0.348771,0.0384211,0.113806
5.94,-0.0727604,-0.34762,0.0364383,0.116481
5.95,-0.0724059,-0.346442,0.0344665,0.119143
5.96,-0.072071,-0.345237,0.0325063,0.121792
5.97,-0.0717557,-0.344006,0.0305584,0.124428
5.98,-0.0714598,-0.342749,0.0286232,0.12705
5.99,-0.0711832,-0.341465,0.0267016,0.129657
6,-0.0709257,-0.340156,0.024794,0.132249
6.01,-0.0706873,-0.33882,0.022901,0.134826
6.02,-0.0704677,-0.337459,0.0210233,0.137388
6.03,-0.0702667,-0.336072,0.0191614,0.139933
6.04,-0.0700844,-0.33466,0.0173159,0.142462
6.05,-0.0699204,-0.333223,0.0154874,0.144974
6.06,-0.0697746,-0.331761,0.0136765,0.147469
6.07,-0.0696468,-0.330274,0.0118836,0.149946
6.08,-0.0695368,-0.328762,0.0101094,0.152405
6.09,-0.0694445,-0.327226,0.00835441,0.154846
6.1,-0.0693697,-0.325665,0.00661913,0.157268
6.11,-0.0693121,-0.324081,0.00490413,0.159671
6.12,-0.0692715,-0.322472,0.0032099,0.162054
6.13,-0.0692478,-0.32084,0.00153699,0.164417
6.14,-0.0692407,-0.319184,-0.00011412,0.16676
6.15,-0.06925,-0.317504,-0.00174292,0.169082
6.16,-0.0692755,-0.315802,-0.00334891,0.171383
6.17,-0.0693169,-0.314077,-0.00493162,0.173663
6.18,-0.069374,-0.312329,-0.00649056,0.175921
6.19,-0.0694466,-0.310558,-0.00802527,0.178157
6.2,-0.0695345,-0.308766,-0.0095353,0.180371
6.21,-0.0696373,-0.306951,-0.0110202,0.182562
6.22,-0.0697548,-0.305115,-0.0124795,0.18473
6.23,-0.0698868,-0.303257,-0.0139128,0.186874
6.24,-0.070033,-0.301377,-0.0153196,0.188995
6.25,-0.0701931,-0.299477,-0.0166996,0.191092
6.26,-0.0703669,-0.297556,-0.0180523,0.193165
6.27,-0.070554,-0.295614,-0.0193773,0.195214
6.28,-0.0707543,-0.293651,-0.0206743,0.197237
6.29,-0.0709674,-0.291669,-0.0219429,0.199236
6.3,-0.0711931,-0.289667,-0.0231827,0.201209
6.31,-0.071431,-0.287645,-0.0243932,0.203156
6.32,-0.0716808,-0.285604,-0.0255743,0.205078
6.33,-0.0719424,-0.283543,-0.0267255,0.206973
6.34,-0.0722152,-0.281464,-0.0278465,0.208842
6.35,-0.0724992,-0.279367,-0.028937,0.210685
6.36,-0.0727939,-0.277251,-0.0299967,0.212501
6.37,-0.073099,-0.275117,-0.0310252,0.214289
6.38,-0.0734143,-0.272965,-0.0320223,0.21605
6.39,-0.0737394,-0.270796,-0.0329876,0.217784
6.4,-0.0740739,-0.268609,-0.033921,0.21949
6.41,-0.0744177,-0.266406,-0.0348221,0.221168
6.42,-0.0747703,-0.264186,-0.0356907,0.222817
6.43,-0.0751314,-0.26195,-0.0365265,0.224439
6.44,-0.0755007,-0.259697,-0.0373294,0.226032
6.45,-0.0758779,-0.257429,-0.038099,0.227596
6.46,-0.0762626,-0.255146,-0.0388352,0.229131
6.47,-0.0766544,-0.252847,-0.0395378,0.230638
6.48,-0.0770532,-0.250533,-0.0402065,0.232115
6.49,-0.0774585,-0.248205,-0.0408412,0.233563
6.5,-0.0778699,-0.245862,-0.0414417,0.234981
6.51,-0.0782872,-0.243505,-0.0420078,0.23637
6.52,-0.0787099,-0.241135,-0.0425395,0.237728
6.53,-0.0791379,-0.238751,-0.0430365,0.239057
6.54,-0.0795706,-0.236353,-0.0434987,0.240356
6.55,-0.0800077,-0.233944,-0.043926,0.241625
6.56,-0.080449,-0.231521,-0.0443182,0.242864
6.57,-0.080894,-0.229086,-0.0446754,0.244072
6.58,-0.0813424,-0.22664,-0.0449973,0.24525
6.59,-0.0817938,-0.224181,-0.045284,0.246398
6.6,-0.0822479,-0.221712,-0.0455353,0.247515
6.61,-0.0827044,-0.219231,-0.0457511,0.248601
6.62,-0.0831628,-0.21674,-0.0459315,0.249657
6.63,-0.0836229,-0.214238,-0.0460763,0.250681
6.64,-0.0840842,-0.211726,-0.0461857,0.251675
6.65,-0.0845465,-0.209205,-0.0462594,0.252638
6.66,-0.0850093,-0.206674,-0.0462976,0.253571
6.67,-0.0854723,-0.204134,-0.0463002,0.254472
6.68,-0.0859352,-0.201584,-0.0462672,0.255342
6.69,-0.0863975,-0.199027,-0.0461987,0.256182
6.7,-0.086859,-0.196461,-0.0460947,0.25699
6.71,-0.0873193,-0.193887,-0.0459552,0.257768
6.72,-0.087778,-0.191306,-0.0457803,0.258514
6.73,-0.0882348,-0.188717,-0.0455701,0.25923
6.74,-0.0886893,-0.186121,-0.0453246,0.259914
6.75,-0.0891412,-0.183519,-0.0450438,0.260568
6.76,-0.0895901,-0.18091,-0.044728,0.26119
6.77,-0.0900356,-0.178295,-0.0443772,0.261782
6.78,-0.0904775,-0.175674,-0.0439915,0.262343
6.79,-0.0909153,-0.173048,-0.043571,0.262874
6.8,-0.0913488,-0.170417,-0.0431158,0.263373
6.81,-0.0917775,-0.167781,-0.0426262,0.263842
6.82,-0.0922012,-0.16514,-0.0421022,0.26428
6.83,-0.0926195,-0.162495,-0.041544,0.264688
6.84,-0.093032,-0.159847,-0.0409518,0.265065
6.85,-0.0934384,-0.157194,-0.0403258,0.265412
6.86,-0.0938384,-0.154538,-0.0396661,0.265729
6.87,-0.0942316,-0.15188,-0.038973,0.266016
6.88,-0.0946177,-0.149218,-0.0382466,0.266272
6.89,-0.0949964,-0.146554,-0.0374872,0.266499
6.9,-0.0953674,-0.143888,-0.036695,0.266695
6.91,-0.0957302,-0.141221,-0.0358702,0.266862
6.92,-0.0960847,-0.138551,-0.035013,0.267
6.93,-0.0964304,-0.135881,-0.0341238,0.267108
6.94,-0.096767,-0.133209,-0.0332028,0.267186
6.95,-0.0970943,-0.130537,-0.0322502,0.267236
6.96,-0.0974119,-0.127865,-0.0312664,0.267256
6.97,-0.0977195,-0.125192,-0.0302516,0.267248
6.98,-0.0980169,-0.12252,-0.0292061,0.267211
6.99,-0.0983036,-0.119848,-0.0281301,0.267145
7,-0.0985794,-0.117177,-0.0270242,0.267051
7.01,-0.0988439,-0.114507,-0.0258884,0.266929
7.02,-0.099097,-0.111838,-0.0247232,0.266779
7.03,-0.0993383,-0.109171,-0.023529,0.266601
7.04,-0.0995675,-0.106506,-0.0223059,0.266395
7.05,-0.0997843,-0.103844,-0.0210545,0.266162
7.06,-0.0999885,-0.101183,-0.019775,0.265902
7.07,-0.10018,-0.0985257,-0.0184678,0.265615
7.08,-0.100358,-0.0958711,-0.0171334,0.265301
7.09,-0.100522,-0.0932198,-0.0157719,0.26496
7.1,-0.100673,-0.090572,-0.014384,0.264593
7.11,-0.10081,-0.087928,-0.0129699,0.2642
7.12,-0.100932,-0.085288,-0.01153,0.263782
7.13,-0.10104,-0.0826524,-0.0100648,0.263337
7.14,-0.101134,-0.0800214,-0.00857464,0.262867
7.15,-0.101212,-0.0773952,-0.00705997,0.262372
7.16,-0.101275,-0.074774,-0.00552122,0.261852
7.17,-0.101322,-0.0721582,-0.00395882,0.261307
7.18,-0.101354,-0.069548,-0.0023732,0.260738
7.19,-0.10137,-0.0669435,-0.000764804,0.260145
7.2,-0.101369,-0.0643451,0.000865913,0.259528
7.21,-0.101352,-0.061753,0.0025185,0.258887
7.22,-0.101319,-0.0591675,0.00419249,0.258223
7.23,-0.101268,-0.0565887,0.00588741,0.257536
7.24,-0.101201,-0.0540168,0.00760281,0.256827
7.25,-0.101116,-0.0514522,0.00933819,0.256094
7.26,-0.101014,-0.048895,0.0110931,0.25534
7.27,-0.100894,-0.0463455,0.012867,0.254564
7.28,-0.100757,-0.0438038,0.0146594,0.253766
7.29,-0.100601,-0.0412702,0.0164699,0.252946
7.3,-0.100427,-0.038745,0.0182979,0.252106
7.31,-0.100235,-0.0362282,0.020143,0.251245
7.32,-0.100024,-0.0337201,0.0220045,0.250364
7.33,-0.0997948,-0.031221,0.0238821,0.249463
7.34,-0.0995465,-0.0287309,0.0257751,0.248541
7.35,-0.0992793,-0.0262502,0.0276831,0.247601
7.36,-0.0989928,-0.023779,0.0296056,0.246641
7.37,-0.0986871,-0.0213174,0.0315419,0.245663
7.38,-0.0983619,-0.0188658,0.0334917,0.244666
7.39,-0.0980172,-0.0164242,0.0354543,0.24365
7.4,-0.0976528,-0.0139928,0.0374292,0.242617
7.41,-0.0972686,-0.0115719,0.0394159,0.241567
7.42,-0.0968645,-0.00916156,0.0414138,0.240499
7.43,-0.0964403,-0.00676198,0.0434224,0.239415
7.44,-0.095996,-0.00437332,0.0454411,0.238314
7.45,-0.0955314,-0.00199575,0.0474694,0.237197
7.46,-0.0950466,0.000370563,0.0495068,0.236064
7.47,-0.0945413,0.00272547,0.0515526,0.234915
7.48,-0.0940155,0.00506882,0.0536064,0.233752
7.49,-0.0934691,0.00740046,0.0556675,0.232574
7.5,-0.0929021,0.00972024,0.0577354,0.231381
7.51,-0.0923144,0.012028,0.0598096,0.230174
7.52,-0.0917059,0.0143237,0.0618895,0.228953
7.53,-0.0910766,0.016607,0.0639745,0.227719
7.54,-0.0904264,0.018878,0.0660641,0.226472
7.55,-0.0897553,0.0211364,0.0681576,0.225212
7.56,-0.0890632,0.0233822,0.0702546,0.22394
7.57,-0.0883502,0.0256152,0.0723545,0.222656
7.58,-0.0876161,0.0278353,0.0744566,0.221361
7.59,-0.0868611,0.0300424,0.0765605,0.220054
7.6,-0.0860849,0.0322363,0.0786656,0.218736
7.61,-0.0852877,0.0344171,0.0807713,0.217407
7.62,-0.0844695,0.0365845,0.082877,0.216068
7.63,-0.0836302,0.0387384,0.0849822,0.21472
7.64,-0.0827699,0.0408788,0.0870863,0.213362
7.65,-0.0818885,0.0430056,0.0891887,0.211994
7.66,-0.0809861,0.0451187,0.091289,0.210618
7.67,-0.0800627,0.0472179,0.0933864,0.209234
7.68,-0.0791184,0.0493033,0.0954806,0.207841
7.69,-0.0781531,0.0513747,0.0975708,0.206441
7.7,-0.077167,0.0534321,0.0996566,0.205033
7.71,-0.07616,0.0554754,0.101737,0.203618
7.72,-0.0751322,0.0575045,0.103813,0.202197
7.73,-0.0740838,0.0595193,0.105882,0.200769
7.74,-0.0730146,0.0615198,0.107944,0.199335
7.75,-0.0719249,0.063506,0.109999,0.197895
7.76,-0.0708147,0.0654777,0.112047,0.196451
7.77,-0.069684,0.067435,0.114086,0.195001
7.78,-0.068533,0.0693777,0.116116,0.193546
7.79,-0.0673617,0.0713059,0.118137,0.192088
7.8,-0.0661703,0.0732195,0.120148,0.190625
7.81,-0.0649588,0.0751184,0.122149,0.189159
7.82,-0.0637273,0.0770026,0.124139,0.18769
7.83,-0.062476,0.0788722,0.126117,0.186218
7.84,-0.061205,0.080727,0.128083,0.184743
7.85,-0.0599144,0.082567,0.130037,0.183266
7.86,-0.0586043,0.0843923,0.131977,0.181787
7.87,-0.0572749,0.0862027,0.133904,0.180306
7.88,-0.0559263,0.0879984,0.135817,0.178825
7.89,-0.0545586,0.0897792,0.137715,0.177342
7.9,-0.053172,0.0915452,0.139599,0.175859
7.91,-0.0517667,0.0932964,0.141466,0.174375
7.92,-0.0503428,0.0950327,0.143318,0.172892
7.93,-0.0489004,0.0967542,0.145153,0.171409
7.94,-0.0474398,0.0984609,0.146971,0.169926
7.95,-0.045961,0.100153,0.148772,0.168445
7.96,-0.0444644,0.10183,0.150554,0.166965
7.97,-0.04295,0.103492,0.152318,0.165486
7.98,-0.0414181,0.10514,0.154064,0.16401
7.99,-0.0398688,0.106772,0.15579,0.162535
8,-0.0383024,0.10839,0.157496,0.161063
8.01,-0.036719,0.109994,0.159181,0.159594
8.02,-0.0351188,0.111582,0.160847,0.158128
8.03,-0.0335021,0.113156,0.162491,0.156666
8.04,-0.0318691,0.114715,0.164113,0.155207
8.05,-0.0302199,0.11626,0.165713,0.153752
8.06,-0.0285549,0.117791,0.167291,0.152301
8.07,-0.0268742,0.119306,0.168847,0.150855
8.08,-0.025178,0.120808,0.170379,0.149414
8.09,-0.0234667,0.122295,0.171887,0.147978
8.1,-0.0217403,0.123767,0.173372,0.146547
8.11,-0.0199993,0.125226,0.174832,0.145121
8.12,-0.0182438,0.12667,0.176267,0.143702
8.13,-0.0164741,0.1281,0.177677,0.142288
8.14,-0.0146903,0.129515,0.179062,0.140881
8.15,-0.0128929,0.130917,0.18042,0.13948
8.16,-0.011082,0.132305,0.181753,0.138087
8.17,-0.00925794,0.133679,0.183059,0.1367
8.18,-0.00742094,0.135039,0.184338,0.135321
8.19,-0.00557128,0.136385,0.18559,0.133949
8.2,-0.00370924,0.137718,0.186814,0.132585
8.21,-0.0018351,0.139037,0.18801,0.131229
8.22,5.08699e-05,0.140343,0.189178,0.129881
8.23,0.00194837,0.141635,0.190318,0.128542
8.24,0.00385713,0.142914,0.191429,0.127211
8.25,0.00577685,0.144179,0.19251,0.125889
8.26,0.00770724,0.145431,0.193563,0.124576
8.27,0.00964801,0.146671,0.194586,0.123273
8.28,0.0115989,0.147897,0.195578,0.121979
8.29,0.0135595,0.14911,0.196541,0.120694
8.3,0.0155296,0.150311,0.197473,0.119419
8.31,0.0175088,0.151499,0.198375,0.118155
8.32,0.019497,0.152674,0.199246,0.1169
8.33,0.0214937,0.153837,0.200085,0.115656
8.34,0.0234986,0.154987,0.200894,0.114422
8.35,0.0255114,0.156125,0.20167,0.113199
8.36,0.0275319,0.157251,0.202415,0.111987
8.37,0.0295596,0.158365,0.203128,0.110786
8.38,0.0315943,0.159467,0.203809,0.109595
8.39,0.0336357,0.160557,0.204458,0.108417
8.4,0.0356834,0.161635,0.205074,0.107249
8.41,0.0377371,0.162702,0.205657,0.106093
8.42,0.0397964,0.163757,0.206208,0.104949
8.43,0.0418611,0.164801,0.206726,0.103817
8.44,0.0439308,0.165834,0.20721,0.102696
8.45,0.0460052,0.166855,0.207662,0.101588
8.46,0.0480839,0.167865,0.20808,0.100491
8.47,0.0501667,0.168865,0.208464,0.0994072
8.48,0.0522531,0.169853,0.208815,0.0983355
8.49,0.0543429,0.170832,0.209132,0.0972762
8.5,0.0564357,0.171799,0.209416,0.0962294
8.51,0.0585311,0.172756,0.209666,0.0951953
8.52,0.0606289,0.173703,0.209882,0.0941739
8.53,0.0627286,0.17464,0.210064,0.0931653
8.54,0.06483,0.175566,0.210211,0.0921695
8.55,0.0669327,0.176483,0.210325,0.0911866
8.56,0.0690364,0.17739,0.210405,0.0902168
8.57,0.0711407,0.178288,0.21045,0.08926
8.58,0.0732453,0.179175,0.210462,0.0883162
8.59,0.0753498,0.180054,0.210439,0.0873857
8.6,0.077454,0.180923,0.210382,0.0864683
8.61,0.0795573,0.181783,0.21029,0.0855641
8.62,0.0816597,0.182634,0.210165,0.0846732
8.63,0.0837605,0.183477,0.210005,0.0837956
8.64,0.0858596,0.18431,0.209812,0.0829313
8.65,0.0879567,0.185135,0.209584,0.0820804
8.66,0.0900512,0.185952,0.209322,0.0812428
8.67,0.092143,0.18676,0.209026,0.0804185
8.68,0.0942316,0.18756,0.208696,0.0796076
8.69,0.0963168,0.188353,0.208333,0.0788101
8.7,0.0983982,0.189137,0.207935,0.078026
8.71,0.100475,0.189913,0.207504,0.0772552
8.72,0.102548,0.190682,0.207039,0.0764977
8.73,0.104616,0.191443,0.20654,0.0757536
8.74,0.106679,0.192197,0.206008,0.0750227
8.75,0.108736,0.192944,0.205443,0.0743052
8.76,0.110788,0.193683,0.204845,0.0736008
8.77,0.112833,0.194416,0.204213,0.0729097
8.78,0.114872,0.195141,0.203549,0.0722318
8.79,0.116904,0.19586,0.202851,0.0715669
8.8,0.118929,0.196573,0.202122,0.0709152
8.81,0.120946,0.197279,0.201359,0.0702765
8.82,0.122956,0.197978,0.200564,0.0696507
8.83,0.124957,0.198672,0.199738,0.0690378
8.84,0.12695,0.199359,0.198879,0.0684378
8.85,0.128935,0.200041,0.197988,0.0678505
8.86,0.13091,0.200716,0.197066,0.0672759
8.87,0.132876,0.201386,0.196112,0.0667139
8.88,0.134832,0.202051,0.195128,0.0661645
8.89,0.136778,0.202709,0.194112,0.0656275
8.9,0.138714,0.203363,0.193066,0.0651028
8.91,0.14064,0.204012,0.191989,0.0645904
8.92,0.142554,0.204655,0.190882,0.0640901
8.93,0.144457,0.205293,0.189744,0.0636019
8.94,0.146349,0.205927,0.188577,0.0631256
8.95,0.148229,0.206556,0.187381,0.0626612
8.96,0.150096,0.20718,0.186155,0.0622085
8.97,0.151952,0.2078,0.184901,0.0617674
8.98,0.153794,0.208416,0.183617,0.0613377
8.99,0.155624,0.209027,0.182306,0.0609195
9,0.15744,0.209634,0.180966,0.0605124
9.01,0.159243,0.210237,0.179598,0.0601164
9.02,0.161032,0.210836,0.178203,0.0597314
9.03,0.162807,0.211432,0.17678,0.0593573
9.04,0.164568,0.212024,0.175331,0.0589937
9.05,0.166314,0.212612,0.173855,0.0586408
9.06,0.168045,0.213196,0.172352,0.0582982
9.07,0.169761,0.213778,0.170824,0.0579658
9.08,0.171461,0.214356,0.16927,0.0576435
9.09,0.173146,0.214931,0.167691,0.0573311
9.1,0.174815,0.215502,0.166087,0.0570284
9.11,0.176467,0.216071,0.164458,0.0567354
9.12,0.178104,0.216637,0.162805,0.0564518
9.13,0.179724,0.2172,0.161129,0.0561774
9.14,0.181326,0.217761,0.159428,0.0559121
9.15,0.182912,0.218319,0.157705,0.0556557
9.16,0.18448,0.218874,0.155959,0.055408
9.17,0.186031,0.219427,0.154191,0.0551688
9.18,0.187564,0.219977,0.1524,0.054938
9.19,0.189079,0.220526,0.150588,0.0547154
9.2,0.190576,0.221072,0.148755,0.0545008
9.21,0.192054,0.221616,0.1469,0.0542939
9.22,0.193514,0.222158,0.145026,0.0540947
9.23,0.194955,0.222698,0.143131,0.0539029
9.24,0.196376,0.223236,0.141217,0.0537182
9.25,0.197779,0.223772,0.139284,0.0535406
9.26,0.199162,0.224307,0.137331,0.0533698
9.27,0.200525,0.224839,0.135361,0.0532056
9.28,0.201869,0.225371,0.133372,0.0530477
9.29,0.203193,0.2259,0.131366,0.0528961
9.3,0.204496,0.226429,0.129343,0.0527505
9.31,0.20578,0.226955,0.127303,0.0526106
9.32,0.207042,0.227481,0.125247,0.0524763
9.33,0.208284,0.228005,0.123175,0.0523473
9.34,0.209506,0.228528,0.121088,0.0522234
9.35,0.210706,0.229049,0.118986,0.0521045
9.36,0.211885,0.22957,0.116869,0.0519903
9.37,0.213043,0.230089,0.114738,0.0518805
9.38,0.21418,0.230608,0.112594,0.051775
9.39,0.215295,0.231125,0.110437,0.0516735
9.4,0.216389,0.231641,0.108267,0.0515759
9.41,0.217461,0.232156,0.106084,0.0514818
9.42,0.21851,0.232671,0.10389,0.0513911
9.43,0.219538,0.233184,0.101685,0.0513035
9.44,0.220544,0.233697,0.0994682,0.0512188
9.45,0.221528,0.234208,0.0972415,0.0511369
9.46,0.222489,0.234719,0.0950047,0.0510574
9.47,0.223428,0.23523,0.0927585,0.0509801
9.48,0.224344,0.235739,0.0905033,0.0509048
9.49,0.225238,0.236248,0.0882395,0.0508313
9.5,0.226109,0.236756,0.0859676,0.0507593
9.51,0.226957,0.237263,0.0836881,0.0506887
9.52,0.227783,0.237769,0.0814014,0.0506191
9.53,0.228585,0.238275,0.0791079,0.0505505
9.54,0.229365,0.23878,0.0768083,0.0504824
9.55,0.230121,0.239285,0.0745029,0.0504147
9.56,0.230855,0.239789,0.0721921,0.0503472
9.57,0.231565,0.240292,0.0698765,0.0502796
9.58,0.232252,0.240794,0.0675566,0.0502118
9.59,0.232916,0.241296,0.0652327,0.0501434
9.6,0.233557,0.241797,0.0629053,0.0500743
9.61,0.234174,0.242298,0.060575,0.0500042
9.62,0.234768,0.242797,0.0582422,0.0499329
9.63,0.235339,0.243296,0.0559073,0.0498602
9.64,0.235887,0.243795,0.0535708,0.0497858
9.65,0.236411,0.244292,0.0512332,0.0497095
9.66,0.236911,0.244789,0.0488948,0.0496311
9.67,0.237388,0.245285,0.0465563,0.0495504
9.68,0.237842,0.24578,0.044218,0.0494671
9.69,0.238273,0.246274,0.0418804,0.0493811
9.7,0.23868,0.246767,0.039544,0.049292
9.71,0.239064,0.24726,0.0372091,0.0491998
9.72,0.239424,0.247751,0.0348763,0.0491041
9.73,0.239761,0.248242,0.032546,0.0490047
9.74,0.240075,0.248731,0.0302187,0.0489015
9.75,0.240366,0.24922,0.0278947,0.0487941
9.76,0.240633,0.249707,0.0255746,0.0486825
9.77,0.240877,0.250193,0.0232588,0.0485664
9.78,0.241098,0.250679,0.0209477,0.0484455
9.79,0.241296,0.251162,0.0186417,0.0483197
9.8,0.241471,0.251645,0.0163413,0.0481887
9.81,0.241623,0.252126,0.0140469,0.0480524
9.82,0.241752,0.252606,0.0117589,0.0479106
9.83,0.241858,0.253084,0.00947785,0.047763
9.84,0.241942,0.253561,0.00720405,0.0476094
9.85,0.242002,0.254037,0.00493796,0.0474497
9.86,0.24204,0.25451,0.00267998,0.0472837
9.87,0.242056,0.254982,0.00043053,0.0471111
9.88,0.242049,0.255452,-0.00180998,0.0469317
9.89,0.24202,0.255921,-0.00404114,0.0467454
9.9,0.241968,0.256387,-0.00626256,0.0465521
9.91,0.241895,0.256852,-0.00847384,0.0463514
9.92,0.241799,0.257314,-0.0106746,0.0461432
9.93,0.241681,0.257775,-0.0128644,0.0459274
9.94,0.241542,0.258233,-0.0150429,0.0457037
9.95,0.24138,0.258689,-0.0172097,0.045472
9.96,0.241197,0.259142,-0.0193644,0.0452321
9.97,0.240993,0.259593,-0.0215067,0.0449838
9.98,0.240767,0.260042,-0.0236362,0.0447271
9.99,0.24052,0.260488,-0.0257524,0.0444616
10,0.240252,0.260931,-0.0278552,0.0441872
